#
# A fatal error has been detected by the Java Runtime Environment:
#
#  EXCEPTION_ACCESS_VIOLATION (0xc0000005) at pc=0x00000000621bf2d5, pid=25468, tid=0x00000000000062c8
#
# JRE version: Java(TM) SE Runtime Environment (8.0_181-b13) (build 1.8.0_181-b13)
# Java VM: Java HotSpot(TM) 64-Bit Server VM (25.181-b13 mixed mode windows-amd64 compressed oops)
# Problematic frame:
# V  [jvm.dll+0xff2d5]
#
# Failed to write core dump. Minidumps are not enabled by default on client versions of Windows
#
# If you would like to submit a bug report, please visit:
#   http://bugreport.java.com/bugreport/crash.jsp
#

---------------  T H R E A D  ---------------

Current thread (0x0000000057541000):  VMThread [stack: 0x00000000584f0000,0x00000000585f0000] [id=25288]

siginfo: ExceptionCode=0xc0000005, reading address 0x0000000000000008

Registers:
RAX=0x0000000000000000, RBX=0x00000000571fa270, RCX=0x0000000000000000, RDX=0x0000000000000000
RSP=0x00000000585ef260, RBP=0x0000000000000008, RSI=0x00000000628d2e00, RDI=0x00000000585ef540
R8 =0x0000000000000000, R9 =0x00000000571fa270, R10=0x000000000000ca0b, R11=0x00000000571fabc8
R12=0x0000000000000001, R13=0x0000000000000001, R14=0x00000000000003d8, R15=0x00000000585ef360
RIP=0x00000000621bf2d5, EFLAGS=0x0000000000010206

Top of Stack: (sp=0x00000000585ef260)
0x00000000585ef260:   00000000025ff8d8 00000000026908da
0x00000000585ef270:   0000d8bf2022ccf5 00000000621725ce
0x00000000585ef280:   00000000585ef508 00000000571fac48
0x00000000585ef290:   0000000046000000 00000000585ef3b0
0x00000000585ef2a0:   0000d8bf2022cfd5 00000000621bf8e5
0x00000000585ef2b0:   00000000585ef370 0000000000000001
0x00000000585ef2c0:   00000000585ef380 00000000585ef540
0x00000000585ef2d0:   00000000585ef3b0 00000000621c2500
0x00000000585ef2e0:   0000000000000008 0000000000000008
0x00000000585ef2f0:   00000000585ef380 00000000621bf76f
0x00000000585ef300:   0000000000000008 00000000585ef3b0
0x00000000585ef310:   00000000585ef370 0000000000000045
0x00000000585ef320:   00000000571fac48 00000000621c305f
0x00000000585ef330:   00000000585ef540 00000000585ef3b0
0x00000000585ef340:   00000000574255b0 00000000571fac48
0x00000000585ef350:   0000000000000001 0000000000000000 

Instructions: (pc=0x00000000621bf2d5)
0x00000000621bf2b5:   8b d2 e8 34 7f ff ff 48 8b cb 8b d0 e8 3a 78 ff
0x00000000621bf2c5:   ff 48 8d 35 33 3b 71 00 48 63 c8 48 8b 44 cb 50
0x00000000621bf2d5:   0f b6 48 08 8b 05 05 3b 71 00 80 f9 4c 74 2b 80
0x00000000621bf2e5:   f9 5b 74 26 80 f9 4a 74 18 80 f9 44 74 13 48 8d 


Register to memory mapping:

RAX=0x0000000000000000 is an unknown value
RBX=0x00000000571fa270 is pointing into metadata
RCX=0x0000000000000000 is an unknown value
RDX=0x0000000000000000 is an unknown value
RSP=0x00000000585ef260 is an unknown value
RBP=0x0000000000000008 is an unknown value
RSI=0x00000000628d2e00 is an unknown value
RDI=0x00000000585ef540 is an unknown value
R8 =0x0000000000000000 is an unknown value
R9 =0x00000000571fa270 is pointing into metadata
R10=0x000000000000ca0b is an unknown value
R11=0x00000000571fabc8 is pointing into metadata
R12=0x0000000000000001 is an unknown value
R13=0x0000000000000001 is an unknown value
R14=0x00000000000003d8 is an unknown value
R15=0x00000000585ef360 is an unknown value


Stack: [0x00000000584f0000,0x00000000585f0000],  sp=0x00000000585ef260,  free space=1020k
Native frames: (J=compiled Java code, j=interpreted, Vv=VM code, C=native code)
V  [jvm.dll+0xff2d5]
V  [jvm.dll+0x102500]
V  [jvm.dll+0x10305f]
V  [jvm.dll+0x1038a5]
V  [jvm.dll+0x103af2]
V  [jvm.dll+0xc50be]
V  [jvm.dll+0xc5748]
V  [jvm.dll+0xc587a]
V  [jvm.dll+0xc5a78]
V  [jvm.dll+0x10f94a]
V  [jvm.dll+0x12d22f]
V  [jvm.dll+0x1bf3df]
V  [jvm.dll+0x24cc27]
V  [jvm.dll+0x24bec6]
V  [jvm.dll+0x24c361]
V  [jvm.dll+0x24c57e]
V  [jvm.dll+0x29e64a]
C  [msvcr100.dll+0x21d9f]
C  [msvcr100.dll+0x21e3b]
C  [kernel32.dll+0x159cd]
C  [ntdll.dll+0x5385d]

VM_Operation (0x000000005951f1f0): GetOrSetLocal, mode: safepoint, requested by thread 0x0000000058889800


---------------  P R O C E S S  ---------------

Java Threads: ( => current thread )
  0x000000005a71a000 JavaThread "ReaderThread" [_thread_in_native, id=33152, stack(0x000000005aac0000,0x000000005abc0000)]
  0x000000005892e800 JavaThread "Service Thread" daemon [_thread_blocked, id=31544, stack(0x0000000059e20000,0x0000000059f20000)]
  0x00000000588aa000 JavaThread "C1 CompilerThread2" daemon [_thread_blocked, id=29984, stack(0x0000000059f20000,0x000000005a020000)]
  0x00000000588a9000 JavaThread "C2 CompilerThread1" daemon [_thread_blocked, id=28732, stack(0x0000000059cf0000,0x0000000059df0000)]
  0x00000000588a5000 JavaThread "C2 CompilerThread0" daemon [_thread_blocked, id=32828, stack(0x0000000059b70000,0x0000000059c70000)]
  0x0000000058896800 JavaThread "JDWP Command Reader" daemon [_thread_in_native, id=33516, stack(0x0000000059980000,0x0000000059a80000)]
  0x0000000058893000 JavaThread "JDWP Event Helper Thread" daemon [_thread_blocked, id=24616, stack(0x00000000596d0000,0x00000000597d0000)]
  0x0000000058889800 JavaThread "JDWP Transport Listener: dt_socket" daemon [_thread_blocked, id=25008, stack(0x0000000059420000,0x0000000059520000)]
  0x00000000575ae000 JavaThread "Attach Listener" daemon [_thread_blocked, id=25340, stack(0x00000000583b0000,0x00000000584b0000)]
  0x0000000058881000 JavaThread "Signal Dispatcher" daemon [_thread_blocked, id=31704, stack(0x0000000058dc0000,0x0000000058ec0000)]
  0x0000000057591800 JavaThread "Finalizer" daemon [_thread_blocked, id=25348, stack(0x0000000058630000,0x0000000058730000)]
  0x000000005754a800 JavaThread "Reference Handler" daemon [_thread_blocked, id=33692, stack(0x0000000058760000,0x0000000058860000)]
  0x000000000228b000 JavaThread "main" [_thread_blocked, id=32904, stack(0x0000000002500000,0x0000000002600000)]

Other Threads:
=>0x0000000057541000 VMThread [stack: 0x00000000584f0000,0x00000000585f0000] [id=25288]
  0x0000000058938800 WatcherThread [stack: 0x000000005a120000,0x000000005a220000] [id=25060]

VM state:at safepoint (normal execution)

VM Mutex/Monitor currently owned by a thread:  ([mutex/lock_event])
[0x0000000002289680] Threads_lock - owner thread: 0x0000000057541000

Heap:
 PSYoungGen      total 38400K, used 26837K [0x00000000d5d00000, 0x00000000d8780000, 0x0000000100000000)
  eden space 33280K, 80% used [0x00000000d5d00000,0x00000000d77356a0,0x00000000d7d80000)
  from space 5120K, 0% used [0x00000000d8280000,0x00000000d8280000,0x00000000d8780000)
  to   space 5120K, 0% used [0x00000000d7d80000,0x00000000d7d80000,0x00000000d8280000)
 ParOldGen       total 87552K, used 0K [0x0000000081600000, 0x0000000086b80000, 0x00000000d5d00000)
  object space 87552K, 0% used [0x0000000081600000,0x0000000081600000,0x0000000086b80000)
 Metaspace       used 9428K, capacity 9550K, committed 9600K, reserved 1058816K
  class space    used 1091K, capacity 1111K, committed 1152K, reserved 1048576K

Card table byte_map: [0x0000000011a50000,0x0000000011e50000] byte_map_base: 0x0000000011645000

Marking Bits: (ParMarkBitMap*) 0x00000000628e2d00
 Begin Bits: [0x0000000012860000, 0x0000000014808000)
 End Bits:   [0x0000000014808000, 0x00000000167b0000)

Polling page: 0x0000000000330000

CodeCache: size=245760Kb used=2979Kb max_used=2979Kb free=242781Kb
 bounds [0x0000000002690000, 0x0000000002980000, 0x0000000011690000]
 total_blobs=1015 nmethods=683 adapters=253
 compilation: enabled

Compilation events (10 events):
Event: 0.793 Thread 0x00000000588aa000  679       1       org.testng.shaded.com.google.gson.reflect.TypeToken::hashCode (5 bytes)
Event: 0.793 Thread 0x00000000588aa000 nmethod 679 0x0000000002979410 code [0x0000000002979560, 0x0000000002979670]
Event: 0.793 Thread 0x00000000588aa000  680       1       java.util.Collections$EmptyIterator::hasNext (2 bytes)
Event: 0.793 Thread 0x00000000588aa000 nmethod 680 0x00000000029796d0 code [0x0000000002979820, 0x0000000002979930]
Event: 0.794 Thread 0x00000000588aa000  681       3       java.lang.String::toString (2 bytes)
Event: 0.794 Thread 0x00000000588aa000 nmethod 681 0x0000000002979990 code [0x0000000002979ae0, 0x0000000002979c30]
Event: 0.794 Thread 0x00000000588aa000  682       3       java.nio.ByteBuffer::arrayOffset (35 bytes)
Event: 0.795 Thread 0x00000000588aa000 nmethod 682 0x0000000002979c90 code [0x0000000002979e20, 0x000000000297a158]
Event: 0.795 Thread 0x00000000588aa000  683       3       java.lang.System::getProperty (25 bytes)
Event: 0.795 Thread 0x00000000588aa000 nmethod 683 0x000000000297a2d0 code [0x000000000297a4c0, 0x000000000297ab48]

GC Heap History (0 events):
No events

Deoptimization events (5 events):
Event: 0.384 Thread 0x000000000228b000 Uncommon trap: reason=unstable_if action=reinterpret pc=0x00000000027f5388 method=java.lang.String.startsWith(Ljava/lang/String;I)Z @ 25
Event: 0.570 Thread 0x000000000228b000 Uncommon trap: reason=unstable_if action=reinterpret pc=0x0000000002850a1c method=java.lang.String.indexOf([CII[CIII)I @ 3
Event: 0.581 Thread 0x000000000228b000 Uncommon trap: reason=unstable_if action=reinterpret pc=0x00000000027d3264 method=sun.nio.cs.UTF_8$Encoder.encode([CII[B)I @ 33
Event: 0.646 Thread 0x000000000228b000 Uncommon trap: reason=unstable_if action=reinterpret pc=0x00000000028db424 method=java.io.WinNTFileSystem.normalize(Ljava/lang/String;)Ljava/lang/String; @ 128
Event: 0.770 Thread 0x000000000228b000 Uncommon trap: reason=range_check action=make_not_entrant pc=0x000000000295507c method=sun.reflect.generics.parser.SignatureParser.current()C @ 34

Classes redefined (3 events):
Event: 768.416 Thread 0x0000000057541000 redefined class name=com.test.MavenTest.zhongpai, count=1
Event: 902.062 Thread 0x0000000057541000 redefined class name=com.test.MavenTest.zhongpai, count=2
Event: 951.576 Thread 0x0000000057541000 redefined class name=com.test.MavenTest.zhongpai, count=3

Internal exceptions (10 events):
Event: 0.374 Thread 0x000000000228b000 Exception <a 'java/security/PrivilegedActionException'> (0x00000000d61c9358) thrown at [C:\re\workspace\8-2-build-windows-amd64-cygwin\jdk8u181\11358\hotspot\src\share\vm\prims\jvm.cpp, line 1435]
Event: 0.374 Thread 0x000000000228b000 Exception <a 'java/security/PrivilegedActionException'> (0x00000000d61c9568) thrown at [C:\re\workspace\8-2-build-windows-amd64-cygwin\jdk8u181\11358\hotspot\src\share\vm\prims\jvm.cpp, line 1435]
Event: 0.375 Thread 0x000000000228b000 Exception <a 'java/security/PrivilegedActionException'> (0x00000000d61cd1d8) thrown at [C:\re\workspace\8-2-build-windows-amd64-cygwin\jdk8u181\11358\hotspot\src\share\vm\prims\jvm.cpp, line 1435]
Event: 0.375 Thread 0x000000000228b000 Exception <a 'java/security/PrivilegedActionException'> (0x00000000d61cd3e8) thrown at [C:\re\workspace\8-2-build-windows-amd64-cygwin\jdk8u181\11358\hotspot\src\share\vm\prims\jvm.cpp, line 1435]
Event: 0.395 Thread 0x000000000228b000 Exception <a 'java/security/PrivilegedActionException'> (0x00000000d6263640) thrown at [C:\re\workspace\8-2-build-windows-amd64-cygwin\jdk8u181\11358\hotspot\src\share\vm\prims\jvm.cpp, line 1435]
Event: 0.395 Thread 0x000000000228b000 Exception <a 'java/security/PrivilegedActionException'> (0x00000000d6263850) thrown at [C:\re\workspace\8-2-build-windows-amd64-cygwin\jdk8u181\11358\hotspot\src\share\vm\prims\jvm.cpp, line 1435]
Event: 0.680 Thread 0x000000000228b000 Exception <a 'java/lang/ArrayIndexOutOfBoundsException'> (0x00000000d6fa78a8) thrown at [C:\re\workspace\8-2-build-windows-amd64-cygwin\jdk8u181\11358\hotspot\src\share\vm\runtime\sharedRuntime.cpp, line 605]
Event: 0.681 Thread 0x000000000228b000 Exception <a 'java/lang/ArrayIndexOutOfBoundsException'> (0x00000000d6fa8530) thrown at [C:\re\workspace\8-2-build-windows-amd64-cygwin\jdk8u181\11358\hotspot\src\share\vm\runtime\sharedRuntime.cpp, line 605]
Event: 0.770 Thread 0x000000000228b000 Exception <a 'java/lang/ArrayIndexOutOfBoundsException': 65> (0x00000000d7440818) thrown at [C:\re\workspace\8-2-build-windows-amd64-cygwin\jdk8u181\11358\hotspot\src\share\vm\interpreter\interpreterRuntime.cpp, line 366]
Event: 0.771 Thread 0x000000000228b000 Exception <a 'java/lang/ArrayIndexOutOfBoundsException': 60> (0x00000000d7446208) thrown at [C:\re\workspace\8-2-build-windows-amd64-cygwin\jdk8u181\11358\hotspot\src\share\vm\interpreter\interpreterRuntime.cpp, line 366]

Events (10 events):
Event: 960.889 Executing VM operation: GetOrSetLocal done
Event: 960.889 Executing VM operation: GetOrSetLocal
Event: 960.889 Executing VM operation: GetOrSetLocal done
Event: 960.895 Executing VM operation: GetOrSetLocal
Event: 960.895 Executing VM operation: GetOrSetLocal done
Event: 960.895 Executing VM operation: GetOrSetLocal
Event: 960.896 Executing VM operation: GetOrSetLocal done
Event: 960.896 Executing VM operation: GetOrSetLocal
Event: 960.896 Executing VM operation: GetOrSetLocal done
Event: 960.901 Executing VM operation: GetOrSetLocal


Dynamic libraries:
0x000000013f0a0000 - 0x000000013f0d7000 	C:\Program Files\Java\jre1.8.0_181\bin\javaw.exe
0x0000000076f50000 - 0x00000000770ef000 	C:\Windows\SYSTEM32\ntdll.dll
0x0000000076d30000 - 0x0000000076e4f000 	C:\Windows\system32\kernel32.dll
0x000007fefcae0000 - 0x000007fefcb4a000 	C:\Windows\system32\KERNELBASE.dll
0x000007fefcec0000 - 0x000007fefcf9b000 	C:\Windows\system32\ADVAPI32.dll
0x000007fefe8a0000 - 0x000007fefe93f000 	C:\Windows\system32\msvcrt.dll
0x000007fefce00000 - 0x000007fefce1f000 	C:\Windows\SYSTEM32\sechost.dll
0x000007fefd980000 - 0x000007fefdaad000 	C:\Windows\system32\RPCRT4.dll
0x0000000076e50000 - 0x0000000076f4a000 	C:\Windows\system32\USER32.dll
0x000007feff1d0000 - 0x000007feff237000 	C:\Windows\system32\GDI32.dll
0x000007fefe960000 - 0x000007fefe96e000 	C:\Windows\system32\LPK.dll
0x000007fefcd30000 - 0x000007fefcdfb000 	C:\Windows\system32\USP10.dll
0x000007fefad30000 - 0x000007fefaf24000 	C:\Windows\WinSxS\amd64_microsoft.windows.common-controls_6595b64144ccf1df_6.0.7601.18837_none_fa3b1e3d17594757\COMCTL32.dll
0x000007fefea00000 - 0x000007fefea71000 	C:\Windows\system32\SHLWAPI.dll
0x000007fefea80000 - 0x000007fefeaae000 	C:\Windows\system32\IMM32.DLL
0x000007fefefc0000 - 0x000007feff0c9000 	C:\Windows\system32\MSCTF.dll
0x0000000064230000 - 0x0000000064302000 	C:\Program Files\Java\jre1.8.0_181\bin\msvcr100.dll
0x00000000620c0000 - 0x0000000062962000 	C:\Program Files\Java\jre1.8.0_181\bin\server\jvm.dll
0x000007fef9280000 - 0x000007fef9289000 	C:\Windows\system32\WSOCK32.dll
0x000007fefcce0000 - 0x000007fefcd2d000 	C:\Windows\system32\WS2_32.dll
0x000007fefccd0000 - 0x000007fefccd8000 	C:\Windows\system32\NSI.dll
0x000007fefcc90000 - 0x000007fefcccb000 	C:\Windows\system32\WINMM.dll
0x000007fefb910000 - 0x000007fefb91c000 	C:\Windows\system32\VERSION.dll
0x00000000770f0000 - 0x00000000770f7000 	C:\Windows\system32\PSAPI.DLL
0x000000006bf70000 - 0x000000006bf7f000 	C:\Program Files\Java\jre1.8.0_181\bin\verify.dll
0x0000000064d70000 - 0x0000000064d99000 	C:\Program Files\Java\jre1.8.0_181\bin\java.dll
0x00000000641b0000 - 0x00000000641e5000 	C:\Program Files\Java\jre1.8.0_181\bin\jdwp.dll
0x0000000064220000 - 0x0000000064228000 	C:\Program Files\Java\jre1.8.0_181\bin\npt.dll
0x0000000064b50000 - 0x0000000064b66000 	C:\Program Files\Java\jre1.8.0_181\bin\zip.dll
0x000007fefdab0000 - 0x000007fefe83a000 	C:\Windows\system32\SHELL32.dll
0x000007fefeb90000 - 0x000007fefed8f000 	C:\Windows\system32\ole32.dll
0x000007fefc880000 - 0x000007fefc88f000 	C:\Windows\system32\profapi.dll
0x0000000064210000 - 0x0000000064219000 	C:\Program Files\Java\jre1.8.0_181\bin\dt_socket.dll
0x000007fefb1a0000 - 0x000007fefb1b5000 	C:\Windows\system32\NLAapi.dll
0x000007fef82f0000 - 0x000007fef8305000 	C:\Windows\system32\napinsp.dll
0x000007fef82d0000 - 0x000007fef82e9000 	C:\Windows\system32\pnrpnsp.dll
0x000007fefbfc0000 - 0x000007fefc015000 	C:\Windows\System32\mswsock.dll
0x000007fefbe40000 - 0x000007fefbe9b000 	C:\Windows\system32\DNSAPI.dll
0x000007fef82c0000 - 0x000007fef82cb000 	C:\Windows\System32\winrnr.dll
0x000000006f9f0000 - 0x000000006fa16000 	C:\Program Files\Bonjour\mdnsNSP.dll
0x000007fefac50000 - 0x000007fefac77000 	C:\Windows\system32\Iphlpapi.DLL
0x000007fefac30000 - 0x000007fefac3b000 	C:\Windows\system32\WINNSI.DLL
0x000007fefaaf0000 - 0x000007fefab43000 	C:\Windows\System32\fwpuclnt.dll
0x000007fef8100000 - 0x000007fef8108000 	C:\Windows\system32\rasadhlp.dll
0x000007fefb9e0000 - 0x000007fefb9e7000 	C:\Windows\System32\wshtcpip.dll
0x0000000064b30000 - 0x0000000064b4a000 	C:\Program Files\Java\jre1.8.0_181\bin\net.dll
0x000007fefbfb0000 - 0x000007fefbfb7000 	C:\Windows\System32\wship6.dll
0x000007fefc020000 - 0x000007fefc038000 	C:\Windows\system32\CRYPTSP.dll
0x000007fefbd20000 - 0x000007fefbd67000 	C:\Windows\system32\rsaenh.dll
0x000007fefcb50000 - 0x000007fefcb6e000 	C:\Windows\system32\USERENV.dll
0x000007fefc710000 - 0x000007fefc71f000 	C:\Windows\system32\CRYPTBASE.dll
0x000007fefaac0000 - 0x000007fefaad1000 	C:\Windows\system32\dhcpcsvc6.DLL
0x000007fefaaa0000 - 0x000007fefaab8000 	C:\Windows\system32\dhcpcsvc.DLL
0x0000000064b10000 - 0x0000000064b21000 	C:\Program Files\Java\jre1.8.0_181\bin\nio.dll
0x000007fef8690000 - 0x000007fef87b5000 	C:\Windows\system32\dbghelp.dll

VM Arguments:
jvm_args: -agentlib:jdwp=transport=dt_socket,suspend=y,address=localhost:56955 -ea -Dfile.encoding=UTF-8 
java_command: org.testng.remote.RemoteTestNG -serport 56954 -protocol json -d D:\job\workspace\MavenTest\test-output -listener org.uncommons.reportng.HTMLReporter -usedefaultlisteners false C:\Users\wanglu\AppData\Local\Temp\testng-eclipse--1060736078\testng-customsuite.xml
java_class_path (initial): D:\工具\eclipse\plugins\org.testng.eclipse_6.11.0.201703011520\lib\testng-remote.jar;D:\job\workspace\MavenTest\target\test-classes;D:\job\workspace\MavenTest\target\classes;D:\tools\apache-maven-3.6.3\Repository\org\eclipse\jetty\jetty-util\9.2.12.v20150709\jetty-util-9.2.12.v20150709.jar;D:\tools\apache-maven-3.6.3\Repository\org\eclipse\jetty\jetty-io\9.2.12.v20150709\jetty-io-9.2.12.v20150709.jar;D:\tools\apache-maven-3.6.3\Repository\junit\junit\4.11\junit-4.11.jar;D:\tools\apache-maven-3.6.3\Repository\org\hamcrest\hamcrest-core\1.3\hamcrest-core-1.3.jar;D:\tools\apache-maven-3.6.3\Repository\org\seleniumhq\selenium\selenium-java\3.141.59\selenium-java-3.141.59.jar;D:\tools\apache-maven-3.6.3\Repository\org\seleniumhq\selenium\selenium-api\3.141.59\selenium-api-3.141.59.jar;D:\tools\apache-maven-3.6.3\Repository\org\seleniumhq\selenium\selenium-chrome-driver\3.141.59\selenium-chrome-driver-3.141.59.jar;D:\tools\apache-maven-3.6.3\Repository\org\seleniumhq\selenium\selenium-edge-driver\3.141.59\selenium-edge-driver-3.141.59.jar;D:\tools\apache-maven-3.6.3\Repository\org\seleniumhq\selenium\selenium-firefox-driver\3.141.59\selenium-firefox-driver-3.141.59.jar;D:\tools\apache-maven-3.6.3\Repository\org\seleniumhq\selenium\selenium-ie-driver\3.141.59\selenium-ie-driver-3.141.59.jar;D:\tools\apache-maven-3.6.3\Repository\org\seleniumhq\selenium\selenium-opera-driver\3.141.59\selenium-opera-driver-3.141.59.jar;D:\tools\apache-maven-3.6.3\Repository\org\seleniumhq\selenium\selenium-remote-driver\3.141.59\selenium-remote-driver-3.141.59.jar;D:\tools\apache-maven-3.6.3\Repository\org\seleniumhq\selenium\selenium-safari-driver\3.141.59\selenium-safari-driver-3.141.59.jar;D:\tools\apache-maven-3.6.3\Repository\org\seleniumhq\selenium\selenium-support\3.141.59\selenium-support-3.141.59.jar;D:\tools\apache-maven-3.6.3\Repository\net\bytebuddy\byte-buddy\1.8.15\byte-buddy-1.8.15.jar;D:\tools\apache-maven-3.6.3\Repository\org\apache\commons\commo
Launcher Type: SUN_STANDARD

Environment Variables:
JAVA_HOME=D:\jdk
CLASSPATH=.;D:\jdk\lib;D:\jdk\lib\tools.jar;D:\工具\apache-jmeter-5.0\apache-jmeter-5.0\lib\ext\ApacheJMeter_core.jar;D:\工具\apache-jmeter-5.0\apache-jmeter-5.0\lib\jorphan.jar;
PATH=C:/Program Files/Java/jre1.8.0_181/bin/server;C:/Program Files/Java/jre1.8.0_181/bin;C:/Program Files/Java/jre1.8.0_181/lib/amd64;D:\工具\xshell6\;C:\Program Files (x86)\Common Files\Oracle\Java\javapath;C:\ProgramData\Oracle\Java\javapath;C:\Program Files (x86)\Intel\iCLS Client\;C:\Program Files\Intel\iCLS Client\;C:\Windows\system32;C:\Windows;C:\Windows\System32\Wbem;C:\Windows\System32\WindowsPowerShell\v1.0\;C:\Program Files (x86)\Intel\UCRT\;C:\Program Files\Intel\UCRT\;C:\Program Files (x86)\Intel\Intel(R) Management Engine Components\DAL;C:\Program Files\Intel\Intel(R) Management Engine Components\DAL;C:\Program Files (x86)\Intel\Intel(R) Management Engine Components\IPT;C:\Program Files\Intel\Intel(R) Management Engine Components\IPT;D:\工具\svn\bin;C:\strawberry\c\bin;C:\strawberry\perl\bin;D:\jdk\bin;D:\jdk\jre\bin;D:\工具\apache-jmeter-5.0\apache-jmeter-5.0\bin;C:\Program Files (x86)\Microsoft SQL Server\100\Tools\Binn\;C:\Program Files\Microsoft SQL Server\100\Tools\Binn\;C:\Program Files\Microsoft SQL Server\100\DTS\Binn\;C:\Program Files (x86)\Microsoft SQL Server\100\Tools\Binn\VSShell\Common7\IDE\;C:\Program Files (x86)\Microsoft Visual Studio 9.0\Common7\IDE\PrivateAssemblies\;C:\Program Files (x86)\Microsoft SQL Server\100\DTS\Binn\;D:\jdk\bin;D:\jdk\jre\bin;D:\tools\apache-maven-3.6.3\bin;D:\python\Scripts\;D:\python\;D:\工具\fiddler;D:\工具\Microsoft VS Code\bin;D:\工具\eclipse;
USERNAME=wanglu
OS=Windows_NT
PROCESSOR_IDENTIFIER=Intel64 Family 6 Model 94 Stepping 3, GenuineIntel



---------------  S Y S T E M  ---------------

OS: Windows 7 , 64 bit Build 7601 (6.1.7601.24335)

CPU:total 4 (initial active 4) (4 cores per cpu, 1 threads per core) family 6 model 94 stepping 3, cmov, cx8, fxsr, mmx, sse, sse2, sse3, ssse3, sse4.1, sse4.2, popcnt, avx, avx2, aes, clmul, erms, rtm, 3dnowpref, lzcnt, tsc, tscinvbit, bmi1, bmi2, adx

Memory: 4k page, physical 8293748k(2472028k free), swap 16585592k(4515932k free)

vm_info: Java HotSpot(TM) 64-Bit Server VM (25.181-b13) for windows-amd64 JRE (1.8.0_181-b13), built on Jul  7 2018 04:01:33 by "java_re" with MS VC++ 10.0 (VS2010)

time: Wed Dec 23 15:37:53 2020
elapsed time: 960 seconds (0d 0h 16m 0s)

