#
# A fatal error has been detected by the Java Runtime Environment:
#
#  EXCEPTION_ACCESS_VIOLATION (0xc0000005) at pc=0x00000000621bf2d5, pid=25136, tid=0x00000000000061f8
#
# JRE version: Java(TM) SE Runtime Environment (8.0_181-b13) (build 1.8.0_181-b13)
# Java VM: Java HotSpot(TM) 64-Bit Server VM (25.181-b13 mixed mode windows-amd64 compressed oops)
# Problematic frame:
# V  [jvm.dll+0xff2d5]
#
# Failed to write core dump. Minidumps are not enabled by default on client versions of Windows
#
# If you would like to submit a bug report, please visit:
#   http://bugreport.java.com/bugreport/crash.jsp
#

---------------  T H R E A D  ---------------

Current thread (0x0000000057513000):  VMThread [stack: 0x0000000058470000,0x0000000058570000] [id=25080]

siginfo: ExceptionCode=0xc0000005, reading address 0x0000000000000008

Registers:
RAX=0x0000000000000000, RBX=0x00000000571ca270, RCX=0x0000000000000000, RDX=0x0000000000000000
RSP=0x000000005856ec50, RBP=0x0000000000000008, RSI=0x00000000628d2e00, RDI=0x000000005856ef30
R8 =0x0000000000000000, R9 =0x00000000571ca270, R10=0x000000000000ca0b, R11=0x00000000571cabc8
R12=0x0000000000000001, R13=0x0000000000000001, R14=0x00000000000003d8, R15=0x000000005856ed50
RIP=0x00000000621bf2d5, EFLAGS=0x0000000000010206

Top of Stack: (sp=0x000000005856ec50)
0x000000005856ec50:   000000000286f6d8 00000000028708da
0x000000005856ec60:   0000d8ba996560f3 00000000621725ce
0x000000005856ec70:   000000005856ef08 00000000571cac48
0x000000005856ec80:   0000000046000000 000000005856eda0
0x000000005856ec90:   0000d8ba99656793 00000000621bf8e5
0x000000005856eca0:   000000005856ed60 0000000000000001
0x000000005856ecb0:   000000005856ed70 000000005856ef30
0x000000005856ecc0:   000000005856eda0 00000000621c2500
0x000000005856ecd0:   0000000000000008 0000000000000008
0x000000005856ece0:   000000005856ed70 00000000621bf76f
0x000000005856ecf0:   0000000000000008 000000005856eda0
0x000000005856ed00:   000000005856ed60 0000000000000045
0x000000005856ed10:   00000000571cac48 00000000621c305f
0x000000005856ed20:   000000005856ef30 000000005856eda0
0x000000005856ed30:   00000000573f54b0 00000000571cac48
0x000000005856ed40:   0000000000000001 0000000000000000 

Instructions: (pc=0x00000000621bf2d5)
0x00000000621bf2b5:   8b d2 e8 34 7f ff ff 48 8b cb 8b d0 e8 3a 78 ff
0x00000000621bf2c5:   ff 48 8d 35 33 3b 71 00 48 63 c8 48 8b 44 cb 50
0x00000000621bf2d5:   0f b6 48 08 8b 05 05 3b 71 00 80 f9 4c 74 2b 80
0x00000000621bf2e5:   f9 5b 74 26 80 f9 4a 74 18 80 f9 44 74 13 48 8d 


Register to memory mapping:

RAX=0x0000000000000000 is an unknown value
RBX=0x00000000571ca270 is pointing into metadata
RCX=0x0000000000000000 is an unknown value
RDX=0x0000000000000000 is an unknown value
RSP=0x000000005856ec50 is an unknown value
RBP=0x0000000000000008 is an unknown value
RSI=0x00000000628d2e00 is an unknown value
RDI=0x000000005856ef30 is an unknown value
R8 =0x0000000000000000 is an unknown value
R9 =0x00000000571ca270 is pointing into metadata
R10=0x000000000000ca0b is an unknown value
R11=0x00000000571cabc8 is pointing into metadata
R12=0x0000000000000001 is an unknown value
R13=0x0000000000000001 is an unknown value
R14=0x00000000000003d8 is an unknown value
R15=0x000000005856ed50 is an unknown value


Stack: [0x0000000058470000,0x0000000058570000],  sp=0x000000005856ec50,  free space=1019k
Native frames: (J=compiled Java code, j=interpreted, Vv=VM code, C=native code)
V  [jvm.dll+0xff2d5]
V  [jvm.dll+0x102500]
V  [jvm.dll+0x10305f]
V  [jvm.dll+0x1038a5]
V  [jvm.dll+0x103af2]
V  [jvm.dll+0xc50be]
V  [jvm.dll+0xc5748]
V  [jvm.dll+0xc587a]
V  [jvm.dll+0xc5a78]
V  [jvm.dll+0x10f94a]
V  [jvm.dll+0x12d22f]
V  [jvm.dll+0x1bf3df]
V  [jvm.dll+0x24cc27]
V  [jvm.dll+0x24bec6]
V  [jvm.dll+0x24c361]
V  [jvm.dll+0x24c57e]
V  [jvm.dll+0x29e64a]
C  [msvcr100.dll+0x21d9f]
C  [msvcr100.dll+0x21e3b]
C  [kernel32.dll+0x159cd]
C  [ntdll.dll+0x5385d]

VM_Operation (0x000000005970f350): GetOrSetLocal, mode: safepoint, requested by thread 0x000000005757f000


---------------  P R O C E S S  ---------------

Java Threads: ( => current thread )
  0x000000005a759800 JavaThread "ReaderThread" [_thread_in_native, id=20004, stack(0x000000005aa90000,0x000000005ab90000)]
  0x000000005893b000 JavaThread "Service Thread" daemon [_thread_blocked, id=33168, stack(0x0000000059dd0000,0x0000000059ed0000)]
  0x00000000588bd000 JavaThread "C1 CompilerThread2" daemon [_thread_blocked, id=32664, stack(0x0000000059b00000,0x0000000059c00000)]
  0x00000000588bb800 JavaThread "C2 CompilerThread1" daemon [_thread_blocked, id=29280, stack(0x0000000059c50000,0x0000000059d50000)]
  0x00000000588b4000 JavaThread "C2 CompilerThread0" daemon [_thread_blocked, id=33488, stack(0x00000000599b0000,0x0000000059ab0000)]
  0x00000000588a0000 JavaThread "JDWP Command Reader" daemon [_thread_in_native, id=33280, stack(0x00000000597f0000,0x00000000598f0000)]
  0x000000005889e800 JavaThread "JDWP Event Helper Thread" daemon [_thread_blocked, id=28940, stack(0x0000000059410000,0x0000000059510000)]
  0x000000005757f000 JavaThread "JDWP Transport Listener: dt_socket" daemon [_thread_blocked, id=33436, stack(0x0000000059610000,0x0000000059710000)]
  0x0000000057578800 JavaThread "Attach Listener" daemon [_thread_blocked, id=33236, stack(0x0000000058c80000,0x0000000058d80000)]
  0x0000000057577800 JavaThread "Signal Dispatcher" daemon [_thread_blocked, id=25032, stack(0x0000000058df0000,0x0000000058ef0000)]
  0x0000000057563000 JavaThread "Finalizer" daemon [_thread_blocked, id=25076, stack(0x0000000058770000,0x0000000058870000)]
  0x000000005751c000 JavaThread "Reference Handler" daemon [_thread_blocked, id=25036, stack(0x0000000058640000,0x0000000058740000)]
  0x000000000238b000 JavaThread "main" [_thread_blocked, id=30420, stack(0x0000000002770000,0x0000000002870000)]

Other Threads:
=>0x0000000057513000 VMThread [stack: 0x0000000058470000,0x0000000058570000] [id=25080]
  0x000000005895d000 WatcherThread [stack: 0x000000005a090000,0x000000005a190000] [id=30244]

VM state:at safepoint (normal execution)

VM Mutex/Monitor currently owned by a thread:  ([mutex/lock_event])
[0x0000000002389680] Threads_lock - owner thread: 0x0000000057513000

Heap:
 PSYoungGen      total 38400K, used 26838K [0x00000000d5d00000, 0x00000000d8780000, 0x0000000100000000)
  eden space 33280K, 80% used [0x00000000d5d00000,0x00000000d7735898,0x00000000d7d80000)
  from space 5120K, 0% used [0x00000000d8280000,0x00000000d8280000,0x00000000d8780000)
  to   space 5120K, 0% used [0x00000000d7d80000,0x00000000d7d80000,0x00000000d8280000)
 ParOldGen       total 87552K, used 0K [0x0000000081600000, 0x0000000086b80000, 0x00000000d5d00000)
  object space 87552K, 0% used [0x0000000081600000,0x0000000081600000,0x0000000086b80000)
 Metaspace       used 9430K, capacity 9550K, committed 9600K, reserved 1058816K
  class space    used 1092K, capacity 1111K, committed 1152K, reserved 1048576K

Card table byte_map: [0x0000000011c30000,0x0000000012030000] byte_map_base: 0x0000000011825000

Marking Bits: (ParMarkBitMap*) 0x00000000628e2d00
 Begin Bits: [0x0000000012830000, 0x00000000147d8000)
 End Bits:   [0x00000000147d8000, 0x0000000016780000)

Polling page: 0x0000000000220000

CodeCache: size=245760Kb used=2928Kb max_used=2928Kb free=242831Kb
 bounds [0x0000000002870000, 0x0000000002b50000, 0x0000000011870000]
 total_blobs=991 nmethods=659 adapters=253
 compilation: enabled

Compilation events (10 events):
Event: 0.719 Thread 0x00000000588bd000  655       1       org.testng.shaded.com.google.gson.reflect.TypeToken::hashCode (5 bytes)
Event: 0.720 Thread 0x00000000588bd000 nmethod 655 0x0000000002b4c050 code [0x0000000002b4c1a0, 0x0000000002b4c2b0]
Event: 0.720 Thread 0x00000000588bd000  656       1       java.util.Collections$EmptyIterator::hasNext (2 bytes)
Event: 0.720 Thread 0x00000000588bd000 nmethod 656 0x0000000002b4c310 code [0x0000000002b4c460, 0x0000000002b4c570]
Event: 0.720 Thread 0x00000000588bd000  657       3       java.lang.String::toString (2 bytes)
Event: 0.720 Thread 0x00000000588bd000 nmethod 657 0x0000000002b4c5d0 code [0x0000000002b4c720, 0x0000000002b4c870]
Event: 0.721 Thread 0x00000000588bd000  658       3       java.nio.ByteBuffer::arrayOffset (35 bytes)
Event: 0.721 Thread 0x00000000588bd000 nmethod 658 0x0000000002b4c8d0 code [0x0000000002b4ca60, 0x0000000002b4cd98]
Event: 0.721 Thread 0x00000000588bd000  659       3       java.lang.System::getProperty (25 bytes)
Event: 0.721 Thread 0x00000000588bd000 nmethod 659 0x0000000002b4cf10 code [0x0000000002b4d100, 0x0000000002b4d788]

GC Heap History (0 events):
No events

Deoptimization events (5 events):
Event: 0.309 Thread 0x000000000238b000 Uncommon trap: reason=unstable_if action=reinterpret pc=0x00000000029d3ec8 method=java.lang.String.startsWith(Ljava/lang/String;I)Z @ 25
Event: 0.489 Thread 0x000000000238b000 Uncommon trap: reason=unstable_if action=reinterpret pc=0x0000000002a2f8dc method=java.lang.String.indexOf([CII[CIII)I @ 3
Event: 0.500 Thread 0x000000000238b000 Uncommon trap: reason=unstable_if action=reinterpret pc=0x00000000029acee4 method=sun.nio.cs.UTF_8$Encoder.encode([CII[B)I @ 33
Event: 0.573 Thread 0x000000000238b000 Uncommon trap: reason=unstable_if action=reinterpret pc=0x0000000002ab4fa0 method=java.io.WinNTFileSystem.normalize(Ljava/lang/String;)Ljava/lang/String; @ 128
Event: 0.698 Thread 0x000000000238b000 Uncommon trap: reason=range_check action=make_not_entrant pc=0x0000000002b2d87c method=sun.reflect.generics.parser.SignatureParser.current()C @ 34

Classes redefined (4 events):
Event: 536.179 Thread 0x0000000057513000 redefined class name=com.test.MavenTest.zhongpai, count=1
Event: 2210.464 Thread 0x0000000057513000 redefined class name=com.test.MavenTest.zhongpai, count=2
Event: 2344.118 Thread 0x0000000057513000 redefined class name=com.test.MavenTest.zhongpai, count=3
Event: 2393.630 Thread 0x0000000057513000 redefined class name=com.test.MavenTest.zhongpai, count=4

Internal exceptions (10 events):
Event: 0.298 Thread 0x000000000238b000 Exception <a 'java/security/PrivilegedActionException'> (0x00000000d61c93b0) thrown at [C:\re\workspace\8-2-build-windows-amd64-cygwin\jdk8u181\11358\hotspot\src\share\vm\prims\jvm.cpp, line 1435]
Event: 0.298 Thread 0x000000000238b000 Exception <a 'java/security/PrivilegedActionException'> (0x00000000d61c95c0) thrown at [C:\re\workspace\8-2-build-windows-amd64-cygwin\jdk8u181\11358\hotspot\src\share\vm\prims\jvm.cpp, line 1435]
Event: 0.299 Thread 0x000000000238b000 Exception <a 'java/security/PrivilegedActionException'> (0x00000000d61cd230) thrown at [C:\re\workspace\8-2-build-windows-amd64-cygwin\jdk8u181\11358\hotspot\src\share\vm\prims\jvm.cpp, line 1435]
Event: 0.299 Thread 0x000000000238b000 Exception <a 'java/security/PrivilegedActionException'> (0x00000000d61cd440) thrown at [C:\re\workspace\8-2-build-windows-amd64-cygwin\jdk8u181\11358\hotspot\src\share\vm\prims\jvm.cpp, line 1435]
Event: 0.320 Thread 0x000000000238b000 Exception <a 'java/security/PrivilegedActionException'> (0x00000000d62636d0) thrown at [C:\re\workspace\8-2-build-windows-amd64-cygwin\jdk8u181\11358\hotspot\src\share\vm\prims\jvm.cpp, line 1435]
Event: 0.320 Thread 0x000000000238b000 Exception <a 'java/security/PrivilegedActionException'> (0x00000000d62638e0) thrown at [C:\re\workspace\8-2-build-windows-amd64-cygwin\jdk8u181\11358\hotspot\src\share\vm\prims\jvm.cpp, line 1435]
Event: 0.606 Thread 0x000000000238b000 Exception <a 'java/lang/ArrayIndexOutOfBoundsException'> (0x00000000d6fa9c20) thrown at [C:\re\workspace\8-2-build-windows-amd64-cygwin\jdk8u181\11358\hotspot\src\share\vm\runtime\sharedRuntime.cpp, line 605]
Event: 0.606 Thread 0x000000000238b000 Exception <a 'java/lang/ArrayIndexOutOfBoundsException'> (0x00000000d6faa8a8) thrown at [C:\re\workspace\8-2-build-windows-amd64-cygwin\jdk8u181\11358\hotspot\src\share\vm\runtime\sharedRuntime.cpp, line 605]
Event: 0.698 Thread 0x000000000238b000 Exception <a 'java/lang/ArrayIndexOutOfBoundsException': 65> (0x00000000d7444f48) thrown at [C:\re\workspace\8-2-build-windows-amd64-cygwin\jdk8u181\11358\hotspot\src\share\vm\interpreter\interpreterRuntime.cpp, line 366]
Event: 0.698 Thread 0x000000000238b000 Exception <a 'java/lang/ArrayIndexOutOfBoundsException': 60> (0x00000000d744a938) thrown at [C:\re\workspace\8-2-build-windows-amd64-cygwin\jdk8u181\11358\hotspot\src\share\vm\interpreter\interpreterRuntime.cpp, line 366]

Events (10 events):
Event: 2403.169 Executing VM operation: GetOrSetLocal done
Event: 2403.172 Executing VM operation: GetOrSetLocal
Event: 2403.172 Executing VM operation: GetOrSetLocal done
Event: 2403.173 Executing VM operation: GetOrSetLocal
Event: 2403.173 Executing VM operation: GetOrSetLocal done
Event: 2403.174 Executing VM operation: GetOrSetLocal
Event: 2403.174 Executing VM operation: GetOrSetLocal done
Event: 2403.175 Executing VM operation: GetOrSetLocal
Event: 2403.175 Executing VM operation: GetOrSetLocal done
Event: 2403.176 Executing VM operation: GetOrSetLocal


Dynamic libraries:
0x000000013f0a0000 - 0x000000013f0d7000 	C:\Program Files\Java\jre1.8.0_181\bin\javaw.exe
0x0000000076f50000 - 0x00000000770ef000 	C:\Windows\SYSTEM32\ntdll.dll
0x0000000076d30000 - 0x0000000076e4f000 	C:\Windows\system32\kernel32.dll
0x000007fefcae0000 - 0x000007fefcb4a000 	C:\Windows\system32\KERNELBASE.dll
0x000007fefcec0000 - 0x000007fefcf9b000 	C:\Windows\system32\ADVAPI32.dll
0x000007fefe8a0000 - 0x000007fefe93f000 	C:\Windows\system32\msvcrt.dll
0x000007fefce00000 - 0x000007fefce1f000 	C:\Windows\SYSTEM32\sechost.dll
0x000007fefd980000 - 0x000007fefdaad000 	C:\Windows\system32\RPCRT4.dll
0x0000000076e50000 - 0x0000000076f4a000 	C:\Windows\system32\USER32.dll
0x000007feff1d0000 - 0x000007feff237000 	C:\Windows\system32\GDI32.dll
0x000007fefe960000 - 0x000007fefe96e000 	C:\Windows\system32\LPK.dll
0x000007fefcd30000 - 0x000007fefcdfb000 	C:\Windows\system32\USP10.dll
0x000007fefad30000 - 0x000007fefaf24000 	C:\Windows\WinSxS\amd64_microsoft.windows.common-controls_6595b64144ccf1df_6.0.7601.18837_none_fa3b1e3d17594757\COMCTL32.dll
0x000007fefea00000 - 0x000007fefea71000 	C:\Windows\system32\SHLWAPI.dll
0x000007fefea80000 - 0x000007fefeaae000 	C:\Windows\system32\IMM32.DLL
0x000007fefefc0000 - 0x000007feff0c9000 	C:\Windows\system32\MSCTF.dll
0x0000000064230000 - 0x0000000064302000 	C:\Program Files\Java\jre1.8.0_181\bin\msvcr100.dll
0x00000000620c0000 - 0x0000000062962000 	C:\Program Files\Java\jre1.8.0_181\bin\server\jvm.dll
0x000007fef9280000 - 0x000007fef9289000 	C:\Windows\system32\WSOCK32.dll
0x000007fefcce0000 - 0x000007fefcd2d000 	C:\Windows\system32\WS2_32.dll
0x000007fefccd0000 - 0x000007fefccd8000 	C:\Windows\system32\NSI.dll
0x000007fefcc90000 - 0x000007fefcccb000 	C:\Windows\system32\WINMM.dll
0x000007fefb910000 - 0x000007fefb91c000 	C:\Windows\system32\VERSION.dll
0x00000000770f0000 - 0x00000000770f7000 	C:\Windows\system32\PSAPI.DLL
0x000000006bf70000 - 0x000000006bf7f000 	C:\Program Files\Java\jre1.8.0_181\bin\verify.dll
0x0000000064d70000 - 0x0000000064d99000 	C:\Program Files\Java\jre1.8.0_181\bin\java.dll
0x00000000641b0000 - 0x00000000641e5000 	C:\Program Files\Java\jre1.8.0_181\bin\jdwp.dll
0x0000000064220000 - 0x0000000064228000 	C:\Program Files\Java\jre1.8.0_181\bin\npt.dll
0x0000000064b50000 - 0x0000000064b66000 	C:\Program Files\Java\jre1.8.0_181\bin\zip.dll
0x000007fefdab0000 - 0x000007fefe83a000 	C:\Windows\system32\SHELL32.dll
0x000007fefeb90000 - 0x000007fefed8f000 	C:\Windows\system32\ole32.dll
0x000007fefc880000 - 0x000007fefc88f000 	C:\Windows\system32\profapi.dll
0x0000000064210000 - 0x0000000064219000 	C:\Program Files\Java\jre1.8.0_181\bin\dt_socket.dll
0x000007fefb1a0000 - 0x000007fefb1b5000 	C:\Windows\system32\NLAapi.dll
0x000007fef82f0000 - 0x000007fef8305000 	C:\Windows\system32\napinsp.dll
0x000007fef82d0000 - 0x000007fef82e9000 	C:\Windows\system32\pnrpnsp.dll
0x000007fefbfc0000 - 0x000007fefc015000 	C:\Windows\System32\mswsock.dll
0x000007fefbe40000 - 0x000007fefbe9b000 	C:\Windows\system32\DNSAPI.dll
0x000007fef82c0000 - 0x000007fef82cb000 	C:\Windows\System32\winrnr.dll
0x000000006f9f0000 - 0x000000006fa16000 	C:\Program Files\Bonjour\mdnsNSP.dll
0x000007fefac50000 - 0x000007fefac77000 	C:\Windows\system32\Iphlpapi.DLL
0x000007fefac30000 - 0x000007fefac3b000 	C:\Windows\system32\WINNSI.DLL
0x000007fefaaf0000 - 0x000007fefab43000 	C:\Windows\System32\fwpuclnt.dll
0x000007fef8100000 - 0x000007fef8108000 	C:\Windows\system32\rasadhlp.dll
0x000007fefb9e0000 - 0x000007fefb9e7000 	C:\Windows\System32\wshtcpip.dll
0x0000000064b30000 - 0x0000000064b4a000 	C:\Program Files\Java\jre1.8.0_181\bin\net.dll
0x000007fefbfb0000 - 0x000007fefbfb7000 	C:\Windows\System32\wship6.dll
0x000007fefc020000 - 0x000007fefc038000 	C:\Windows\system32\CRYPTSP.dll
0x000007fefbd20000 - 0x000007fefbd67000 	C:\Windows\system32\rsaenh.dll
0x000007fefcb50000 - 0x000007fefcb6e000 	C:\Windows\system32\USERENV.dll
0x000007fefc710000 - 0x000007fefc71f000 	C:\Windows\system32\CRYPTBASE.dll
0x000007fefaac0000 - 0x000007fefaad1000 	C:\Windows\system32\dhcpcsvc6.DLL
0x000007fefaaa0000 - 0x000007fefaab8000 	C:\Windows\system32\dhcpcsvc.DLL
0x0000000064b10000 - 0x0000000064b21000 	C:\Program Files\Java\jre1.8.0_181\bin\nio.dll
0x000007fef8690000 - 0x000007fef87b5000 	C:\Windows\system32\dbghelp.dll

VM Arguments:
jvm_args: -agentlib:jdwp=transport=dt_socket,suspend=y,address=localhost:56619 -ea -Dfile.encoding=UTF-8 
java_command: org.testng.remote.RemoteTestNG -serport 56618 -protocol json -d D:\job\workspace\MavenTest\test-output -listener org.uncommons.reportng.HTMLReporter -usedefaultlisteners false C:\Users\wanglu\AppData\Local\Temp\testng-eclipse--1848550228\testng-customsuite.xml
java_class_path (initial): D:\工具\eclipse\plugins\org.testng.eclipse_6.11.0.201703011520\lib\testng-remote.jar;D:\job\workspace\MavenTest\target\test-classes;D:\job\workspace\MavenTest\target\classes;D:\tools\apache-maven-3.6.3\Repository\org\eclipse\jetty\jetty-util\9.2.12.v20150709\jetty-util-9.2.12.v20150709.jar;D:\tools\apache-maven-3.6.3\Repository\org\eclipse\jetty\jetty-io\9.2.12.v20150709\jetty-io-9.2.12.v20150709.jar;D:\tools\apache-maven-3.6.3\Repository\junit\junit\4.11\junit-4.11.jar;D:\tools\apache-maven-3.6.3\Repository\org\hamcrest\hamcrest-core\1.3\hamcrest-core-1.3.jar;D:\tools\apache-maven-3.6.3\Repository\org\seleniumhq\selenium\selenium-java\3.141.59\selenium-java-3.141.59.jar;D:\tools\apache-maven-3.6.3\Repository\org\seleniumhq\selenium\selenium-api\3.141.59\selenium-api-3.141.59.jar;D:\tools\apache-maven-3.6.3\Repository\org\seleniumhq\selenium\selenium-chrome-driver\3.141.59\selenium-chrome-driver-3.141.59.jar;D:\tools\apache-maven-3.6.3\Repository\org\seleniumhq\selenium\selenium-edge-driver\3.141.59\selenium-edge-driver-3.141.59.jar;D:\tools\apache-maven-3.6.3\Repository\org\seleniumhq\selenium\selenium-firefox-driver\3.141.59\selenium-firefox-driver-3.141.59.jar;D:\tools\apache-maven-3.6.3\Repository\org\seleniumhq\selenium\selenium-ie-driver\3.141.59\selenium-ie-driver-3.141.59.jar;D:\tools\apache-maven-3.6.3\Repository\org\seleniumhq\selenium\selenium-opera-driver\3.141.59\selenium-opera-driver-3.141.59.jar;D:\tools\apache-maven-3.6.3\Repository\org\seleniumhq\selenium\selenium-remote-driver\3.141.59\selenium-remote-driver-3.141.59.jar;D:\tools\apache-maven-3.6.3\Repository\org\seleniumhq\selenium\selenium-safari-driver\3.141.59\selenium-safari-driver-3.141.59.jar;D:\tools\apache-maven-3.6.3\Repository\org\seleniumhq\selenium\selenium-support\3.141.59\selenium-support-3.141.59.jar;D:\tools\apache-maven-3.6.3\Repository\net\bytebuddy\byte-buddy\1.8.15\byte-buddy-1.8.15.jar;D:\tools\apache-maven-3.6.3\Repository\org\apache\commons\commo
Launcher Type: SUN_STANDARD

Environment Variables:
JAVA_HOME=D:\jdk
CLASSPATH=.;D:\jdk\lib;D:\jdk\lib\tools.jar;D:\工具\apache-jmeter-5.0\apache-jmeter-5.0\lib\ext\ApacheJMeter_core.jar;D:\工具\apache-jmeter-5.0\apache-jmeter-5.0\lib\jorphan.jar;
PATH=C:/Program Files/Java/jre1.8.0_181/bin/server;C:/Program Files/Java/jre1.8.0_181/bin;C:/Program Files/Java/jre1.8.0_181/lib/amd64;D:\工具\xshell6\;C:\Program Files (x86)\Common Files\Oracle\Java\javapath;C:\ProgramData\Oracle\Java\javapath;C:\Program Files (x86)\Intel\iCLS Client\;C:\Program Files\Intel\iCLS Client\;C:\Windows\system32;C:\Windows;C:\Windows\System32\Wbem;C:\Windows\System32\WindowsPowerShell\v1.0\;C:\Program Files (x86)\Intel\UCRT\;C:\Program Files\Intel\UCRT\;C:\Program Files (x86)\Intel\Intel(R) Management Engine Components\DAL;C:\Program Files\Intel\Intel(R) Management Engine Components\DAL;C:\Program Files (x86)\Intel\Intel(R) Management Engine Components\IPT;C:\Program Files\Intel\Intel(R) Management Engine Components\IPT;D:\工具\svn\bin;C:\strawberry\c\bin;C:\strawberry\perl\bin;D:\jdk\bin;D:\jdk\jre\bin;D:\工具\apache-jmeter-5.0\apache-jmeter-5.0\bin;C:\Program Files (x86)\Microsoft SQL Server\100\Tools\Binn\;C:\Program Files\Microsoft SQL Server\100\Tools\Binn\;C:\Program Files\Microsoft SQL Server\100\DTS\Binn\;C:\Program Files (x86)\Microsoft SQL Server\100\Tools\Binn\VSShell\Common7\IDE\;C:\Program Files (x86)\Microsoft Visual Studio 9.0\Common7\IDE\PrivateAssemblies\;C:\Program Files (x86)\Microsoft SQL Server\100\DTS\Binn\;D:\jdk\bin;D:\jdk\jre\bin;D:\tools\apache-maven-3.6.3\bin;D:\python\Scripts\;D:\python\;D:\工具\fiddler;D:\工具\Microsoft VS Code\bin;D:\工具\eclipse;
USERNAME=wanglu
OS=Windows_NT
PROCESSOR_IDENTIFIER=Intel64 Family 6 Model 94 Stepping 3, GenuineIntel



---------------  S Y S T E M  ---------------

OS: Windows 7 , 64 bit Build 7601 (6.1.7601.24335)

CPU:total 4 (initial active 4) (4 cores per cpu, 1 threads per core) family 6 model 94 stepping 3, cmov, cx8, fxsr, mmx, sse, sse2, sse3, ssse3, sse4.1, sse4.2, popcnt, avx, avx2, aes, clmul, erms, rtm, 3dnowpref, lzcnt, tsc, tscinvbit, bmi1, bmi2, adx

Memory: 4k page, physical 8293748k(2519796k free), swap 16585592k(4770548k free)

vm_info: Java HotSpot(TM) 64-Bit Server VM (25.181-b13) for windows-amd64 JRE (1.8.0_181-b13), built on Jul  7 2018 04:01:33 by "java_re" with MS VC++ 10.0 (VS2010)

time: Wed Dec 23 15:37:53 2020
elapsed time: 2403 seconds (0d 0h 40m 3s)

